d:\projekty\myparticle\myparticle\obj\debug\ofxbasegui.obj
d:\projekty\myparticle\myparticle\obj\debug\ofxpanel.obj
d:\projekty\myparticle\myparticle\obj\debug\ofxtoggle.obj
d:\projekty\myparticle\myparticle\obj\debug\main.obj
d:\projekty\myparticle\myparticle\obj\debug\ofxbutton.obj
d:\projekty\myparticle\myparticle\obj\debug\ofxinputfield.obj
d:\projekty\myparticle\myparticle\obj\debug\particlesystem.obj
d:\projekty\myparticle\myparticle\obj\debug\ofxguigroup.obj
d:\projekty\myparticle\myparticle\obj\debug\ofxslider.obj
d:\projekty\myparticle\myparticle\obj\debug\ofapp.obj
d:\projekty\myparticle\myparticle\obj\debug\ofxcolorpicker.obj
d:\projekty\myparticle\myparticle\obj\debug\ofxlabel.obj
d:\projekty\myparticle\myparticle\obj\debug\ofxslidergroup.obj
d:\projekty\myparticle\myparticle\obj\debug\particle.obj
d:\projekty\myparticle\myparticle\obj\debug\emiter.obj
d:\projekty\myparticle\myparticle\obj\debug\vc141.pdb
d:\projekty\myparticle\myparticle\obj\debug\icon.res
d:\projekty\myparticle\myparticle\obj\debug\myparticle.tlog\cl.10276.write.1.tlog
d:\projekty\myparticle\myparticle\obj\debug\myparticle.tlog\cl.command.1.tlog
d:\projekty\myparticle\myparticle\obj\debug\myparticle.tlog\cl.read.1.tlog
d:\projekty\myparticle\myparticle\obj\debug\myparticle.tlog\link-cvtres.read.1.tlog
d:\projekty\myparticle\myparticle\obj\debug\myparticle.tlog\link-cvtres.write.1.tlog
d:\projekty\myparticle\myparticle\obj\debug\myparticle.tlog\link-rc.read.1.tlog
d:\projekty\myparticle\myparticle\obj\debug\myparticle.tlog\link-rc.write.1.tlog
d:\projekty\myparticle\myparticle\obj\debug\myparticle.tlog\link.command.1.tlog
d:\projekty\myparticle\myparticle\obj\debug\myparticle.tlog\link.read.1.tlog
d:\projekty\myparticle\myparticle\obj\debug\myparticle.tlog\link.write.1.tlog
d:\projekty\myparticle\myparticle\obj\debug\myparticle.tlog\rc.command.1.tlog
d:\projekty\myparticle\myparticle\obj\debug\myparticle.tlog\rc.read.1.tlog
d:\projekty\myparticle\myparticle\obj\debug\myparticle.tlog\rc.write.1.tlog
